生成启动时间为 2016/6/7 23:20:35。
     1>项目“F:\program\C++\daoxian_calc\daoxian_calc\daoxian_calc.vcxproj”在节点 2 上(Build 个目标)。
     1>InitializeBuildStatus:
         正在对“Debug\daoxian_calc.unsuccessfulbuild”执行 Touch 任务。
       ClCompile:
         D:\program\vs\VC\bin\CL.exe /c /ZI /nologo /W3 /WX- /Od /Oy- /D WIN32 /D _DEBUG /D _CONSOLE /D _UNICODE /D UNICODE /Gm /EHsc /RTC1 /MDd /GS /fp:precise /Zc:wchar_t /Zc:forScope /Fo"Debug\\" /Fd"Debug\vc110.pdb" /Gd /TP /analyze- /errorReport:prompt ..\Degree.cpp ..\GetData.cpp ..\calcheight.cpp ..\calcposition.cpp ..\doubletostring.cpp ..\mian.cpp
         mian.cpp
     1>f:\program\c++\daoxian_calc\mian.cpp(42): error C2039: “daoxian”: 不是“leixing”的成员
                 f:\program\c++\daoxian_calc\common.h(12) : 参见“leixing”的声明
     1>f:\program\c++\daoxian_calc\mian.cpp(50): error C2679: 二进制“>>”: 没有找到接受“calc”类型的右操作数的运算符(或没有可接受的转换)
                 d:\program\vs\vc\include\istream(1053): 可能是“std::basic_istream<_Elem,_Traits> &std::operator >><std::char_traits<char>>(std::basic_istream<_Elem,_Traits> &,signed char *)”
                 with
                 [
                     _Elem=char,
                     _Traits=std::char_traits<char>
                 ]
                 d:\program\vs\vc\include\istream(1060): 或       “std::basic_istream<_Elem,_Traits> &std::operator >><std::char_traits<char>>(std::basic_istream<_Elem,_Traits> &,signed char &)”
                 with
                 [
                     _Elem=char,
                     _Traits=std::char_traits<char>
                 ]
                 d:\program\vs\vc\include\istream(1067): 或       “std::basic_istream<_Elem,_Traits> &std::operator >><std::char_traits<char>>(std::basic_istream<_Elem,_Traits> &,unsigned char *)”
                 with
                 [
                     _Elem=char,
                     _Traits=std::char_traits<char>
                 ]
                 d:\program\vs\vc\include\istream(1074): 或       “std::basic_istream<_Elem,_Traits> &std::operator >><std::char_traits<char>>(std::basic_istream<_Elem,_Traits> &,unsigned char &)”
                 with
                 [
                     _Elem=char,
                     _Traits=std::char_traits<char>
                 ]
                 d:\program\vs\vc\include\istream(1084): 或       “std::basic_istream<_Elem,_Traits> &std::operator >><char,std::char_traits<char>,calc>(std::basic_istream<_Elem,_Traits> &&,_Ty &)”
                 with
                 [
                     _Elem=char,
                     _Traits=std::char_traits<char>,
                     _Ty=calc
                 ]
                 d:\program\vs\vc\include\istream(193): 或       “std::basic_istream<_Elem,_Traits> &std::basic_istream<_Elem,_Traits>::operator >>(std::basic_istream<_Elem,_Traits> &(__cdecl *)(std::basic_istream<_Elem,_Traits> &))”
                 with
                 [
                     _Elem=char,
                     _Traits=std::char_traits<char>
                 ]
                 d:\program\vs\vc\include\istream(199): 或       “std::basic_istream<_Elem,_Traits> &std::basic_istream<_Elem,_Traits>::operator >>(std::basic_ios<_Elem,_Traits> &(__cdecl *)(std::basic_ios<_Elem,_Traits> &))”
                 with
                 [
                     _Elem=char,
                     _Traits=std::char_traits<char>
                 ]
                 d:\program\vs\vc\include\istream(206): 或       “std::basic_istream<_Elem,_Traits> &std::basic_istream<_Elem,_Traits>::operator >>(std::ios_base &(__cdecl *)(std::ios_base &))”
                 with
                 [
                     _Elem=char,
                     _Traits=std::char_traits<char>
                 ]
                 d:\program\vs\vc\include\istream(213): 或       “std::basic_istream<_Elem,_Traits> &std::basic_istream<_Elem,_Traits>::operator >>(std::_Bool &)”
                 with
                 [
                     _Elem=char,
                     _Traits=std::char_traits<char>
                 ]
                 d:\program\vs\vc\include\istream(232): 或       “std::basic_istream<_Elem,_Traits> &std::basic_istream<_Elem,_Traits>::operator >>(short &)”
                 with
                 [
                     _Elem=char,
                     _Traits=std::char_traits<char>
                 ]
                 d:\program\vs\vc\include\istream(267): 或       “std::basic_istream<_Elem,_Traits> &std::basic_istream<_Elem,_Traits>::operator >>(unsigned short &)”
                 with
                 [
                     _Elem=char,
                     _Traits=std::char_traits<char>
                 ]
                 d:\program\vs\vc\include\istream(286): 或       “std::basic_istream<_Elem,_Traits> &std::basic_istream<_Elem,_Traits>::operator >>(int &)”
                 with
                 [
                     _Elem=char,
                     _Traits=std::char_traits<char>
                 ]
                 d:\program\vs\vc\include\istream(312): 或       “std::basic_istream<_Elem,_Traits> &std::basic_istream<_Elem,_Traits>::operator >>(unsigned int &)”
                 with
                 [
                     _Elem=char,
                     _Traits=std::char_traits<char>
                 ]
                 d:\program\vs\vc\include\istream(330): 或       “std::basic_istream<_Elem,_Traits> &std::basic_istream<_Elem,_Traits>::operator >>(long &)”
                 with
                 [
                     _Elem=char,
                     _Traits=std::char_traits<char>
                 ]
                 d:\program\vs\vc\include\istream(348): 或       “std::basic_istream<_Elem,_Traits> &std::basic_istream<_Elem,_Traits>::operator >>(unsigned long &)”
                 with
                 [
                     _Elem=char,
                     _Traits=std::char_traits<char>
                 ]
                 d:\program\vs\vc\include\istream(368): 或       “std::basic_istream<_Elem,_Traits> &std::basic_istream<_Elem,_Traits>::operator >>(__int64 &)”
                 with
                 [
                     _Elem=char,
                     _Traits=std::char_traits<char>
                 ]
                 d:\program\vs\vc\include\istream(387): 或       “std::basic_istream<_Elem,_Traits> &std::basic_istream<_Elem,_Traits>::operator >>(unsigned __int64 &)”
                 with
                 [
                     _Elem=char,
                     _Traits=std::char_traits<char>
                 ]
                 d:\program\vs\vc\include\istream(406): 或       “std::basic_istream<_Elem,_Traits> &std::basic_istream<_Elem,_Traits>::operator >>(float &)”
                 with
                 [
                     _Elem=char,
                     _Traits=std::char_traits<char>
                 ]
                 d:\program\vs\vc\include\istream(425): 或       “std::basic_istream<_Elem,_Traits> &std::basic_istream<_Elem,_Traits>::operator >>(double &)”
                 with
                 [
                     _Elem=char,
                     _Traits=std::char_traits<char>
                 ]
                 d:\program\vs\vc\include\istream(443): 或       “std::basic_istream<_Elem,_Traits> &std::basic_istream<_Elem,_Traits>::operator >>(long double &)”
                 with
                 [
                     _Elem=char,
                     _Traits=std::char_traits<char>
                 ]
                 d:\program\vs\vc\include\istream(461): 或       “std::basic_istream<_Elem,_Traits> &std::basic_istream<_Elem,_Traits>::operator >>(void *&)”
                 with
                 [
                     _Elem=char,
                     _Traits=std::char_traits<char>
                 ]
                 d:\program\vs\vc\include\istream(480): 或       “std::basic_istream<_Elem,_Traits> &std::basic_istream<_Elem,_Traits>::operator >>(std::basic_streambuf<_Elem,_Traits> *)”
                 with
                 [
                     _Elem=char,
                     _Traits=std::char_traits<char>
                 ]
                 尝试匹配参数列表“(std::istream, calc)”时
     1>f:\program\c++\daoxian_calc\mian.cpp(56): error C2065: “selectfunction”: 未声明的标识符
     1>f:\program\c++\daoxian_calc\mian.cpp(56): error C2050: switch 表达式不是整型
     1>f:\program\c++\daoxian_calc\mian.cpp(63): error C3861: “printabout”: 找不到标识符
     1>f:\program\c++\daoxian_calc\mian.cpp(69): error C2061: 语法错误: 标识符“a”
     1>f:\program\c++\daoxian_calc\mian.cpp(70): error C2143: 语法错误 : 缺少“;”(在“{”的前面)
     1>f:\program\c++\daoxian_calc\mian.cpp(71): error C2046: 非法的 case
     1>f:\program\c++\daoxian_calc\mian.cpp(72): error C2039: “daoxian”: 不是“leixing”的成员
                 f:\program\c++\daoxian_calc\common.h(12) : 参见“leixing”的声明
     1>f:\program\c++\daoxian_calc\mian.cpp(72): error C3861: “calcheight”: 找不到标识符
     1>f:\program\c++\daoxian_calc\mian.cpp(73): error C2043: 非法 break
     1>f:\program\c++\daoxian_calc\mian.cpp(74): error C2046: 非法的 case
     1>f:\program\c++\daoxian_calc\mian.cpp(75): error C2039: “daoxian”: 不是“leixing”的成员
                 f:\program\c++\daoxian_calc\common.h(12) : 参见“leixing”的声明
     1>f:\program\c++\daoxian_calc\mian.cpp(75): error C3861: “calcposition”: 找不到标识符
     1>f:\program\c++\daoxian_calc\mian.cpp(76): error C2043: 非法 break
     1>f:\program\c++\daoxian_calc\mian.cpp(77): error C2047: 非法的 default
         doubletostring.cpp
     1>f:\program\c++\daoxian_calc\doubletostring.cpp : warning C4819: 该文件包含不能在当前代码页(936)中表示的字符。请将该文件保存为 Unicode 格式以防止数据丢失
     1>f:\program\c++\daoxian_calc\doubletostring.cpp(9): warning C4996: 'sprintf': This function or variable may be unsafe. Consider using sprintf_s instead. To disable deprecation, use _CRT_SECURE_NO_WARNINGS. See online help for details.
                 d:\program\vs\vc\include\stdio.h(357) : 参见“sprintf”的声明
     1>f:\program\c++\daoxian_calc\doubletostring.cpp(10): error C2065: “string”: 未声明的标识符
     1>f:\program\c++\daoxian_calc\doubletostring.cpp(10): error C2146: 语法错误: 缺少“;”(在标识符“answer”的前面)
     1>f:\program\c++\daoxian_calc\doubletostring.cpp(10): error C2065: “answer”: 未声明的标识符
     1>f:\program\c++\daoxian_calc\doubletostring.cpp(11): error C2065: “answer”: 未声明的标识符
     1>f:\program\c++\daoxian_calc\doubletostring.cpp(11): error C2228: “.find_first_of”的左边必须有类/结构/联合
                 类型是“'unknown-type'”
     1>f:\program\c++\daoxian_calc\doubletostring.cpp(14): error C2065: “cout”: 未声明的标识符
     1>f:\program\c++\daoxian_calc\doubletostring.cpp(14): error C2065: “endl”: 未声明的标识符
     1>f:\program\c++\daoxian_calc\doubletostring.cpp(17): error C2065: “answer”: 未声明的标识符
     1>f:\program\c++\daoxian_calc\doubletostring.cpp(17): error C2228: “.remove”的左边必须有类/结构/联合
                 类型是“'unknown-type'”
     1>f:\program\c++\daoxian_calc\doubletostring.cpp(18): error C2143: 语法错误 : 缺少“;”(在“return”的前面)
     1>f:\program\c++\daoxian_calc\doubletostring.cpp(18): error C2065: “answer”: 未声明的标识符
     1>f:\program\c++\daoxian_calc\doubletostring.cpp(18): error C3861: “atof”: 找不到标识符
     1>f:\program\c++\daoxian_calc\doubletostring.cpp(23): error C2084: 函数“double round(double,int)”已有主体
                 f:\program\c++\daoxian_calc\doubletostring.cpp(5) : 参见“round”的前一个定义
     1>f:\program\c++\daoxian_calc\doubletostring.cpp(24): error C2065: “stringstream”: 未声明的标识符
     1>f:\program\c++\daoxian_calc\doubletostring.cpp(24): error C2146: 语法错误: 缺少“;”(在标识符“ss”的前面)
     1>f:\program\c++\daoxian_calc\doubletostring.cpp(24): error C2065: “ss”: 未声明的标识符
     1>f:\program\c++\daoxian_calc\doubletostring.cpp(25): error C2065: “ss”: 未声明的标识符
     1>f:\program\c++\daoxian_calc\doubletostring.cpp(26): error C2065: “string”: 未声明的标识符
     1>f:\program\c++\daoxian_calc\doubletostring.cpp(26): error C2146: 语法错误: 缺少“;”(在标识符“answer”的前面)
     1>f:\program\c++\daoxian_calc\doubletostring.cpp(26): error C2065: “answer”: 未声明的标识符
     1>f:\program\c++\daoxian_calc\doubletostring.cpp(27): error C2065: “answer”: 未声明的标识符
     1>f:\program\c++\daoxian_calc\doubletostring.cpp(27): error C2065: “ss”: 未声明的标识符
     1>f:\program\c++\daoxian_calc\doubletostring.cpp(28): error C2065: “answer”: 未声明的标识符
     1>f:\program\c++\daoxian_calc\doubletostring.cpp(28): error C2228: “.find_first_of”的左边必须有类/结构/联合
                 类型是“'unknown-type'”
     1>f:\program\c++\daoxian_calc\doubletostring.cpp(31): error C2065: “cout”: 未声明的标识符
     1>f:\program\c++\daoxian_calc\doubletostring.cpp(31): error C2065: “endl”: 未声明的标识符
     1>f:\program\c++\daoxian_calc\doubletostring.cpp(34): error C2065: “answer”: 未声明的标识符
     1>f:\program\c++\daoxian_calc\doubletostring.cpp(34): error C2228: “.remove”的左边必须有类/结构/联合
                 类型是“'unknown-type'”
     1>f:\program\c++\daoxian_calc\doubletostring.cpp(35): error C2065: “istringstream”: 未声明的标识符
     1>f:\program\c++\daoxian_calc\doubletostring.cpp(35): error C2146: 语法错误: 缺少“;”(在标识符“iss”的前面)
     1>f:\program\c++\daoxian_calc\doubletostring.cpp(35): error C2065: “answer”: 未声明的标识符
     1>f:\program\c++\daoxian_calc\doubletostring.cpp(35): error C3861: “iss”: 找不到标识符
     1>f:\program\c++\daoxian_calc\doubletostring.cpp(37): error C2065: “iss”: 未声明的标识符
         calcposition.cpp
     1>f:\program\c++\daoxian_calc\calcposition.cpp : warning C4819: 该文件包含不能在当前代码页(936)中表示的字符。请将该文件保存为 Unicode 格式以防止数据丢失
     1>f:\program\c++\daoxian_calc\calcposition.cpp(1): fatal error C1083: 无法打开包括文件:“clac.h”: No such file or directory
         calcheight.cpp
     1>f:\program\c++\daoxian_calc\calcheight.cpp(3): error C2065: “daoxian”: 未声明的标识符
     1>f:\program\c++\daoxian_calc\calcheight.cpp(3): error C2146: 语法错误: 缺少“)”(在标识符“a”的前面)
     1>f:\program\c++\daoxian_calc\calcheight.cpp(3): error C4430: 缺少类型说明符 - 假定为 int。注意: C++ 不支持默认 int
     1>f:\program\c++\daoxian_calc\calcheight.cpp(3): error C2059: 语法错误:“)”
     1>f:\program\c++\daoxian_calc\calcheight.cpp(4): error C2143: 语法错误 : 缺少“;”(在“{”的前面)
     1>f:\program\c++\daoxian_calc\calcheight.cpp(4): error C2447: “{”: 缺少函数标题(是否是老式的形式表?)
         GetData.cpp
     1>f:\program\c++\daoxian_calc\getdata.cpp : warning C4819: 该文件包含不能在当前代码页(936)中表示的字符。请将该文件保存为 Unicode 格式以防止数据丢失
     1>f:\program\c++\daoxian_calc\calc.h : warning C4819: 该文件包含不能在当前代码页(936)中表示的字符。请将该文件保存为 Unicode 格式以防止数据丢失
     1>f:\program\c++\daoxian_calc\degree.h(3): error C2011: “Degree”:“class”类型重定义
                 f:\program\c++\daoxian_calc\degree.h(3) : 参见“Degree”的声明
     1>f:\program\c++\daoxian_calc\common.h(9): error C2011: “daoxian”:“enum”类型重定义
                 f:\program\c++\daoxian_calc\common.h(9) : 参见“daoxian”的声明
     1>f:\program\c++\daoxian_calc\common.h(10): error C2011: “calc”:“enum”类型重定义
                 f:\program\c++\daoxian_calc\common.h(10) : 参见“calc”的声明
     1>f:\program\c++\daoxian_calc\common.h(12): error C2011: “leixing”:“struct”类型重定义
                 f:\program\c++\daoxian_calc\common.h(12) : 参见“leixing”的声明
     1>f:\program\c++\daoxian_calc\common.h(17): error C2011: “pos”:“struct”类型重定义
                 f:\program\c++\daoxian_calc\common.h(17) : 参见“pos”的声明
     1>f:\program\c++\daoxian_calc\calc.h(10): error C2628: “alloc”后面接“bool”是非法的(是否忘记了“;”?)
     1>f:\program\c++\daoxian_calc\calc.h(17): error C2065: “UINT”: 未声明的标识符
     1>f:\program\c++\daoxian_calc\calc.h(17): error C2146: 语法错误: 缺少“)”(在标识符“need_classify”的前面)
     1>f:\program\c++\daoxian_calc\calc.h(17): error C2182: “reclassifydegree”: 非法使用“void”类型
     1>f:\program\c++\daoxian_calc\calc.h(17): error C2059: 语法错误:“)”
     1>f:\program\c++\daoxian_calc\getdata.cpp(5): error C2556: “bool GetData(Degvector &,Dvector &,pos &)”: 重载函数与“alloc GetData(Degvector &,Dvector &,pos &)”只是在返回类型上不同
                 f:\program\c++\daoxian_calc\calc.h(10) : 参见“GetData”的声明
     1>f:\program\c++\daoxian_calc\getdata.cpp(5): error C2371: “GetData”: 重定义；不同的基类型
                 f:\program\c++\daoxian_calc\calc.h(10) : 参见“GetData”的声明
     1>f:\program\c++\daoxian_calc\getdata.cpp(21): error C2001: 常量中有换行符
     1>f:\program\c++\daoxian_calc\getdata.cpp(22): error C2144: 语法错误:“int”的前面应有“;”
     1>f:\program\c++\daoxian_calc\getdata.cpp(32): error C3861: “Degree”: 找不到标识符
     1>f:\program\c++\daoxian_calc\getdata.cpp(40): error C2001: 常量中有换行符
     1>f:\program\c++\daoxian_calc\getdata.cpp(41): error C2144: 语法错误:“double”的前面应有“;”
     1>f:\program\c++\daoxian_calc\getdata.cpp(55): error C2027: 使用了未定义类型“pos”
                 f:\program\c++\daoxian_calc\common.h(17) : 参见“pos”的声明
     1>f:\program\c++\daoxian_calc\getdata.cpp(55): error C2228: “.x”的左边必须有类/结构/联合
                 f:\program\c++\daoxian_calc\common.h(17) : 参见“pos”的声明
     1>f:\program\c++\daoxian_calc\getdata.cpp(55): error C2228: “.y”的左边必须有类/结构/联合
         Degree.cpp
     1>f:\program\c++\daoxian_calc\degree.h(3): error C2011: “Degree”:“class”类型重定义
                 f:\program\c++\daoxian_calc\degree.h(3) : 参见“Degree”的声明
     1>f:\program\c++\daoxian_calc\degree.cpp(7): error C2027: 使用了未定义类型“Degree”
                 f:\program\c++\daoxian_calc\degree.h(3) : 参见“Degree”的声明
     1>f:\program\c++\daoxian_calc\degree.cpp(9): error C2027: 使用了未定义类型“Degree”
                 f:\program\c++\daoxian_calc\degree.h(3) : 参见“Degree”的声明
     1>f:\program\c++\daoxian_calc\degree.cpp(9): error C2062: 意外的类型“int”
     1>f:\program\c++\daoxian_calc\degree.cpp(10): error C2065: “du”: 未声明的标识符
     1>f:\program\c++\daoxian_calc\degree.cpp(10): error C4430: 缺少类型说明符 - 假定为 int。注意: C++ 不支持默认 int
     1>f:\program\c++\daoxian_calc\degree.cpp(10): error C2065: “fen”: 未声明的标识符
     1>f:\program\c++\daoxian_calc\degree.cpp(10): error C2065: “miao”: 未声明的标识符
     1>f:\program\c++\daoxian_calc\degree.cpp(11): error C2448: “m_miao”: 函数样式初始值设定项类似函数定义
     1>f:\program\c++\daoxian_calc\degree.cpp(14): error C2027: 使用了未定义类型“Degree”
                 f:\program\c++\daoxian_calc\degree.h(3) : 参见“Degree”的声明
     1>f:\program\c++\daoxian_calc\degree.cpp(17): error C2065: “m_miao”: 未声明的标识符
     1>f:\program\c++\daoxian_calc\degree.cpp(19): error C2065: “m_miao”: 未声明的标识符
     1>f:\program\c++\daoxian_calc\degree.cpp(22): error C2065: “m_miao”: 未声明的标识符
     1>f:\program\c++\daoxian_calc\degree.cpp(30): error C2027: 使用了未定义类型“Degree”
                 f:\program\c++\daoxian_calc\degree.h(3) : 参见“Degree”的声明
     1>f:\program\c++\daoxian_calc\degree.cpp(31): error C2027: 使用了未定义类型“Degree”
                 f:\program\c++\daoxian_calc\degree.h(3) : 参见“Degree”的声明
     1>f:\program\c++\daoxian_calc\degree.cpp(32): error C2079: “answer”使用未定义的 class“Degree”
     1>f:\program\c++\daoxian_calc\degree.cpp(32): error C2078: 初始值设定项太多
     1>f:\program\c++\daoxian_calc\degree.cpp(33): error C2228: “.m_miao”的左边必须有类/结构/联合
                 类型是“int”
     1>f:\program\c++\daoxian_calc\degree.cpp(33): error C2027: 使用了未定义类型“Degree”
                 f:\program\c++\daoxian_calc\degree.h(3) : 参见“Degree”的声明
     1>f:\program\c++\daoxian_calc\degree.cpp(33): error C2065: “m_miao”: 未声明的标识符
     1>f:\program\c++\daoxian_calc\degree.cpp(34): error C2228: “.m_fen”的左边必须有类/结构/联合
                 类型是“int”
     1>f:\program\c++\daoxian_calc\degree.cpp(34): error C2027: 使用了未定义类型“Degree”
                 f:\program\c++\daoxian_calc\degree.h(3) : 参见“Degree”的声明
     1>f:\program\c++\daoxian_calc\degree.cpp(34): error C2228: “.m_du”的左边必须有类/结构/联合
                 f:\program\c++\daoxian_calc\degree.h(3) : 参见“Degree”的声明
     1>f:\program\c++\daoxian_calc\degree.cpp(34): error C2228: “.m_miao”的左边必须有类/结构/联合
     1>f:\program\c++\daoxian_calc\degree.cpp(34): error C2065: “m_miao”: 未声明的标识符
     1>f:\program\c++\daoxian_calc\degree.cpp(35): error C2228: “.m_du”的左边必须有类/结构/联合
                 类型是“int”
     1>f:\program\c++\daoxian_calc\degree.cpp(35): error C2027: 使用了未定义类型“Degree”
                 f:\program\c++\daoxian_calc\degree.h(3) : 参见“Degree”的声明
                 f:\program\c++\daoxian_calc\degree.h(3) : 参见“Degree”的声明
     1>f:\program\c++\daoxian_calc\degree.cpp(35): error C2228: “.m_fen”的左边必须有类/结构/联合
     1>f:\program\c++\daoxian_calc\degree.cpp(36): error C2228: “.normalize”的左边必须有类/结构/联合
                 类型是“int”
     1>f:\program\c++\daoxian_calc\degree.cpp(39): error C2027: 使用了未定义类型“Degree”
                 f:\program\c++\daoxian_calc\degree.h(3) : 参见“Degree”的声明
     1>f:\program\c++\daoxian_calc\degree.cpp(40): error C2027: 使用了未定义类型“Degree”
                 f:\program\c++\daoxian_calc\degree.h(3) : 参见“Degree”的声明
     1>f:\program\c++\daoxian_calc\degree.cpp(41): error C2079: “answer”使用未定义的 class“Degree”
     1>f:\program\c++\daoxian_calc\degree.cpp(41): error C2078: 初始值设定项太多
     1>f:\program\c++\daoxian_calc\degree.cpp(42): error C2065: “m_miao”: 未声明的标识符
     1>f:\program\c++\daoxian_calc\degree.cpp(42): error C2027: 使用了未定义类型“Degree”
                 f:\program\c++\daoxian_calc\degree.h(3) : 参见“Degree”的声明
     1>f:\program\c++\daoxian_calc\degree.cpp(42): error C2228: “.m_miao”的左边必须有类/结构/联合
     1>f:\program\c++\daoxian_calc\degree.cpp(50): error C2065: “m_miao”: 未声明的标识符
     1>f:\program\c++\daoxian_calc\degree.cpp(52): error C2228: “.m_miao”的左边必须有类/结构/联合
                 类型是“int”
     1>f:\program\c++\daoxian_calc\degree.cpp(52): error C2065: “m_miao”: 未声明的标识符
     1>f:\program\c++\daoxian_calc\degree.cpp(52): error C2027: 使用了未定义类型“Degree”
                 f:\program\c++\daoxian_calc\degree.h(3) : 参见“Degree”的声明
     1>f:\program\c++\daoxian_calc\degree.cpp(53): error C2027: 使用了未定义类型“Degree”
                 f:\program\c++\daoxian_calc\degree.h(3) : 参见“Degree”的声明
     1>f:\program\c++\daoxian_calc\degree.cpp(53): error C2228: “.m_fen”的左边必须有类/结构/联合
     1>f:\program\c++\daoxian_calc\degree.cpp(58): error C2228: “.m_fen”的左边必须有类/结构/联合
                 类型是“int”
     1>f:\program\c++\daoxian_calc\degree.cpp(58): error C2027: 使用了未定义类型“Degree”
                 f:\program\c++\daoxian_calc\degree.h(3) : 参见“Degree”的声明
     1>f:\program\c++\daoxian_calc\degree.cpp(59): error C2228: “.m_du”的左边必须有类/结构/联合
                 类型是“int”
     1>f:\program\c++\daoxian_calc\degree.cpp(59): error C2027: 使用了未定义类型“Degree”
                 f:\program\c++\daoxian_calc\degree.h(3) : 参见“Degree”的声明
     1>f:\program\c++\daoxian_calc\degree.cpp(60): error C2228: “.normalize”的左边必须有类/结构/联合
                 类型是“int”
     1>f:\program\c++\daoxian_calc\degree.cpp(63): error C2027: 使用了未定义类型“Degree”
                 f:\program\c++\daoxian_calc\degree.h(3) : 参见“Degree”的声明
     1>f:\program\c++\daoxian_calc\degree.cpp(65): error C2027: 使用了未定义类型“Degree”
                 f:\program\c++\daoxian_calc\degree.h(3) : 参见“Degree”的声明
     1>f:\program\c++\daoxian_calc\degree.cpp(65): error C2228: “.m_du”的左边必须有类/结构/联合
                 f:\program\c++\daoxian_calc\degree.h(3) : 参见“Degree”的声明
     1>f:\program\c++\daoxian_calc\degree.cpp(65): error C2228: “.m_fen”的左边必须有类/结构/联合
     1>f:\program\c++\daoxian_calc\degree.cpp(65): error C2065: “m_miao”: 未声明的标识符
                 f:\program\c++\daoxian_calc\degree.h(3) : 参见“Degree”的声明
     1>f:\program\c++\daoxian_calc\degree.cpp(65): error C2228: “.m_miao”的左边必须有类/结构/联合
     1>f:\program\c++\daoxian_calc\degree.cpp(69): error C2027: 使用了未定义类型“Degree”
                 f:\program\c++\daoxian_calc\degree.h(3) : 参见“Degree”的声明
     1>f:\program\c++\daoxian_calc\degree.cpp(71): error C2027: 使用了未定义类型“Degree”
                 f:\program\c++\daoxian_calc\degree.h(3) : 参见“Degree”的声明
     1>f:\program\c++\daoxian_calc\degree.cpp(71): error C2228: “.m_du”的左边必须有类/结构/联合
     1>f:\program\c++\daoxian_calc\degree.cpp(75): error C2027: 使用了未定义类型“Degree”
                 f:\program\c++\daoxian_calc\degree.h(3) : 参见“Degree”的声明
     1>f:\program\c++\daoxian_calc\degree.cpp(75): error C2228: “.m_du”的左边必须有类/结构/联合
                 f:\program\c++\daoxian_calc\degree.h(3) : 参见“Degree”的声明
     1>f:\program\c++\daoxian_calc\degree.cpp(75): error C2228: “.m_fen”的左边必须有类/结构/联合
     1>f:\program\c++\daoxian_calc\degree.cpp(79): error C2027: 使用了未定义类型“Degree”
                 f:\program\c++\daoxian_calc\degree.h(3) : 参见“Degree”的声明
     1>f:\program\c++\daoxian_calc\degree.cpp(79): error C2228: “.m_du”的左边必须有类/结构/联合
                 f:\program\c++\daoxian_calc\degree.h(3) : 参见“Degree”的声明
     1>f:\program\c++\daoxian_calc\degree.cpp(79): error C2228: “.m_fen”的左边必须有类/结构/联合
     1>f:\program\c++\daoxian_calc\degree.cpp(79): error C2065: “m_miao”: 未声明的标识符
                 f:\program\c++\daoxian_calc\degree.h(3) : 参见“Degree”的声明
     1>f:\program\c++\daoxian_calc\degree.cpp(79): error C2228: “.m_miao”的左边必须有类/结构/联合
     1>f:\program\c++\daoxian_calc\degree.cpp(86): error C2027: 使用了未定义类型“Degree”
                 f:\program\c++\daoxian_calc\degree.h(3) : 参见“Degree”的声明
     1>f:\program\c++\daoxian_calc\degree.cpp(88): error C2065: “m_miao”: 未声明的标识符
     1>f:\program\c++\daoxian_calc\degree.cpp(90): error C2027: 使用了未定义类型“Degree”
                 f:\program\c++\daoxian_calc\degree.h(3) : 参见“Degree”的声明
     1>f:\program\c++\daoxian_calc\degree.cpp(92): error C2065: “m_miao”: 未声明的标识符
     1>f:\program\c++\daoxian_calc\degree.cpp(94): error C2027: 使用了未定义类型“Degree”
                 f:\program\c++\daoxian_calc\degree.h(3) : 参见“Degree”的声明
         正在生成代码...
     1>已完成生成项目“F:\program\C++\daoxian_calc\daoxian_calc\daoxian_calc.vcxproj”(Build 个目标)的操作 - 失败。

生成失败。

已用时间 00:00:01.10
